<?xml version="1.0" encoding="UTF-8"?>
<testng-results skipped="0" failed="0" ignored="0" total="1" passed="1">
  <reporter-output>
  </reporter-output>
  <suite name="Default suite" duration-ms="65985" started-at="2018-01-17T03:07:04Z" finished-at="2018-01-17T03:08:10Z">
    <groups>
    </groups>
    <test name="Default test" duration-ms="65985" started-at="2018-01-17T03:07:04Z" finished-at="2018-01-17T03:08:10Z">
      <class name="tracko.product.Tracko.SetupBrowser">
        <test-method status="PASS" signature="beforetest()[pri:0, instance:tracko.product.Tracko.SetupBrowser@1bce4f0a]" name="beforetest" is-config="true" duration-ms="27079" started-at="2018-01-17T08:37:05Z" finished-at="2018-01-17T08:37:32Z">
          <reporter-output>
          </reporter-output>
        </test-method> <!-- beforetest -->
        <test-method status="PASS" signature="runall()[pri:0, instance:tracko.product.Tracko.SetupBrowser@1bce4f0a]" name="runall" duration-ms="28619" started-at="2018-01-17T08:37:32Z" finished-at="2018-01-17T08:38:01Z">
          <reporter-output>
          </reporter-output>
        </test-method> <!-- runall -->
        <test-method status="PASS" signature="afterTest()[pri:0, instance:tracko.product.Tracko.SetupBrowser@1bce4f0a]" name="afterTest" is-config="true" duration-ms="9855" started-at="2018-01-17T08:38:01Z" finished-at="2018-01-17T08:38:10Z">
          <reporter-output>
          </reporter-output>
        </test-method> <!-- afterTest -->
      </class> <!-- tracko.product.Tracko.SetupBrowser -->
    </test> <!-- Default test -->
  </suite> <!-- Default suite -->
</testng-results>
